
> cyber-tasker@2.4.0 test
> vitest run --reporter=json

{"numTotalTestSuites":15,"numPassedTestSuites":0,"numFailedTestSuites":15,"numPendingTestSuites":0,"numTotalTests":7,"numPassedTests":0,"numFailedTests":7,"numPendingTests":0,"numTodoTests":0,"snapshot":{"added":0,"failure":false,"filesAdded":0,"filesRemoved":0,"filesRemovedList":[],"filesUnmatched":0,"filesUpdated":0,"matched":0,"total":0,"unchecked":0,"uncheckedKeysByFile":[],"unmatched":0,"updated":0,"didUpdate":false},"startTime":1771887422816,"success":false,"testResults":[{"assertionResults":[],"startTime":1771887422816,"endTime":1771887422816,"status":"failed","message":"Failed to parse source for import analysis because the content contains invalid JS syntax. If you are using JSX, make sure to name the file with the .jsx or .tsx extension.","name":"/Users/frank/Antigravity/CyberTasker/src/test/App.test.js"},{"assertionResults":[{"ancestorTitles":["LanguageSwitcher Component"],"fullName":"LanguageSwitcher Component displays the current language code (DE)","status":"failed","title":"displays the current language code (DE)","duration":26.41333300000008,"failureMessages":["TestingLibraryElementError: Unable to find an element with the text: DE. This could be because the text is broken up by multiple elements. In this case, you can provide a function for your text matcher to make your matcher more flexible.\n\nIgnored nodes: comments, script, style\n\u001b[36m<body>\u001b[39m\n  \u001b[36m<div />\u001b[39m\n\u001b[36m</body>\u001b[39m\n    at Object.getElementError (/Users/frank/Antigravity/CyberTasker/node_modules/@testing-library/dom/dist/config.js:37:19)\n    at /Users/frank/Antigravity/CyberTasker/node_modules/@testing-library/dom/dist/query-helpers.js:76:38\n    at /Users/frank/Antigravity/CyberTasker/node_modules/@testing-library/dom/dist/query-helpers.js:52:17\n    at /Users/frank/Antigravity/CyberTasker/node_modules/@testing-library/dom/dist/query-helpers.js:95:19\n    at /Users/frank/Antigravity/CyberTasker/src/test/LanguageSwitcher.test.jsx:19:23\n    at file:///Users/frank/Antigravity/CyberTasker/node_modules/@vitest/runner/dist/chunk-hooks.js:155:11\n    at file:///Users/frank/Antigravity/CyberTasker/node_modules/@vitest/runner/dist/chunk-hooks.js:752:26\n    at file:///Users/frank/Antigravity/CyberTasker/node_modules/@vitest/runner/dist/chunk-hooks.js:1897:20\n    at new Promise (<anonymous>)\n    at runWithTimeout (file:///Users/frank/Antigravity/CyberTasker/node_modules/@vitest/runner/dist/chunk-hooks.js:1863:10)"],"meta":{}},{"ancestorTitles":["LanguageSwitcher Component"],"fullName":"LanguageSwitcher Component opens the overlay when clicked","status":"failed","title":"opens the overlay when clicked","duration":1.4372500000000628,"failureMessages":["TestingLibraryElementError: Unable to find an element with the text: DE. This could be because the text is broken up by multiple elements. In this case, you can provide a function for your text matcher to make your matcher more flexible.\n\nIgnored nodes: comments, script, style\n\u001b[36m<body>\u001b[39m\n  \u001b[36m<div />\u001b[39m\n\u001b[36m</body>\u001b[39m\n    at Object.getElementError (/Users/frank/Antigravity/CyberTasker/node_modules/@testing-library/dom/dist/config.js:37:19)\n    at /Users/frank/Antigravity/CyberTasker/node_modules/@testing-library/dom/dist/query-helpers.js:76:38\n    at /Users/frank/Antigravity/CyberTasker/node_modules/@testing-library/dom/dist/query-helpers.js:52:17\n    at /Users/frank/Antigravity/CyberTasker/node_modules/@testing-library/dom/dist/query-helpers.js:95:19\n    at /Users/frank/Antigravity/CyberTasker/src/test/LanguageSwitcher.test.jsx:29:32\n    at file:///Users/frank/Antigravity/CyberTasker/node_modules/@vitest/runner/dist/chunk-hooks.js:155:11\n    at file:///Users/frank/Antigravity/CyberTasker/node_modules/@vitest/runner/dist/chunk-hooks.js:752:26\n    at file:///Users/frank/Antigravity/CyberTasker/node_modules/@vitest/runner/dist/chunk-hooks.js:1897:20\n    at new Promise (<anonymous>)\n    at runWithTimeout (file:///Users/frank/Antigravity/CyberTasker/node_modules/@vitest/runner/dist/chunk-hooks.js:1863:10)"],"meta":{}},{"ancestorTitles":["LanguageSwitcher Component"],"fullName":"LanguageSwitcher Component changes language when an option is selected","status":"failed","title":"changes language when an option is selected","duration":1.979249999999979,"failureMessages":["TestingLibraryElementError: Unable to find an element with the text: DE. This could be because the text is broken up by multiple elements. In this case, you can provide a function for your text matcher to make your matcher more flexible.\n\nIgnored nodes: comments, script, style\n\u001b[36m<body>\u001b[39m\n  \u001b[36m<div />\u001b[39m\n\u001b[36m</body>\u001b[39m\n    at Object.getElementError (/Users/frank/Antigravity/CyberTasker/node_modules/@testing-library/dom/dist/config.js:37:19)\n    at /Users/frank/Antigravity/CyberTasker/node_modules/@testing-library/dom/dist/query-helpers.js:76:38\n    at /Users/frank/Antigravity/CyberTasker/node_modules/@testing-library/dom/dist/query-helpers.js:52:17\n    at /Users/frank/Antigravity/CyberTasker/node_modules/@testing-library/dom/dist/query-helpers.js:95:19\n    at /Users/frank/Antigravity/CyberTasker/src/test/LanguageSwitcher.test.jsx:45:32\n    at file:///Users/frank/Antigravity/CyberTasker/node_modules/@vitest/runner/dist/chunk-hooks.js:155:11\n    at file:///Users/frank/Antigravity/CyberTasker/node_modules/@vitest/runner/dist/chunk-hooks.js:752:26\n    at file:///Users/frank/Antigravity/CyberTasker/node_modules/@vitest/runner/dist/chunk-hooks.js:1897:20\n    at new Promise (<anonymous>)\n    at runWithTimeout (file:///Users/frank/Antigravity/CyberTasker/node_modules/@vitest/runner/dist/chunk-hooks.js:1863:10)"],"meta":{}}],"startTime":1771887423504,"endTime":1771887423533.9792,"status":"failed","message":"","name":"/Users/frank/Antigravity/CyberTasker/src/test/LanguageSwitcher.test.jsx"},{"assertionResults":[{"ancestorTitles":["i18n Configuration"],"fullName":"i18n Configuration should initialize with German as the default fallback language","status":"failed","title":"should initialize with German as the default fallback language","duration":5.2361250000000155,"failureMessages":["AssertionError: expected [ 'en' ] to include 'de'\n    at Proxy.<anonymous> (file:///Users/frank/Antigravity/CyberTasker/node_modules/@vitest/expect/dist/index.js:1191:15)\n    at Proxy.<anonymous> (file:///Users/frank/Antigravity/CyberTasker/node_modules/@vitest/expect/dist/index.js:1029:14)\n    at Proxy.methodWrapper (file:///Users/frank/Antigravity/CyberTasker/node_modules/chai/index.js:1686:25)\n    at /Users/frank/Antigravity/CyberTasker/src/test/i18n.test.js:6:42\n    at file:///Users/frank/Antigravity/CyberTasker/node_modules/@vitest/runner/dist/chunk-hooks.js:155:11\n    at file:///Users/frank/Antigravity/CyberTasker/node_modules/@vitest/runner/dist/chunk-hooks.js:752:26\n    at file:///Users/frank/Antigravity/CyberTasker/node_modules/@vitest/runner/dist/chunk-hooks.js:1897:20\n    at new Promise (<anonymous>)\n    at runWithTimeout (file:///Users/frank/Antigravity/CyberTasker/node_modules/@vitest/runner/dist/chunk-hooks.js:1863:10)\n    at runTest (file:///Users/frank/Antigravity/CyberTasker/node_modules/@vitest/runner/dist/chunk-hooks.js:1574:12)"],"meta":{}},{"ancestorTitles":["i18n Configuration"],"fullName":"i18n Configuration should have translations for German and English","status":"failed","title":"should have translations for German and English","duration":4.259415999999987,"failureMessages":["AssertionError: expected false to be true // Object.is equality\n    at /Users/frank/Antigravity/CyberTasker/src/test/i18n.test.js:10:61\n    at file:///Users/frank/Antigravity/CyberTasker/node_modules/@vitest/runner/dist/chunk-hooks.js:155:11\n    at file:///Users/frank/Antigravity/CyberTasker/node_modules/@vitest/runner/dist/chunk-hooks.js:752:26\n    at file:///Users/frank/Antigravity/CyberTasker/node_modules/@vitest/runner/dist/chunk-hooks.js:1897:20\n    at new Promise (<anonymous>)\n    at runWithTimeout (file:///Users/frank/Antigravity/CyberTasker/node_modules/@vitest/runner/dist/chunk-hooks.js:1863:10)\n    at runTest (file:///Users/frank/Antigravity/CyberTasker/node_modules/@vitest/runner/dist/chunk-hooks.js:1574:12)\n    at processTicksAndRejections (node:internal/process/task_queues:104:5)\n    at runSuite (file:///Users/frank/Antigravity/CyberTasker/node_modules/@vitest/runner/dist/chunk-hooks.js:1729:8)\n    at runSuite (file:///Users/frank/Antigravity/CyberTasker/node_modules/@vitest/runner/dist/chunk-hooks.js:1729:8)"],"meta":{}},{"ancestorTitles":["i18n Configuration"],"fullName":"i18n Configuration should translate a header key correctly in German","status":"failed","title":"should translate a header key correctly in German","duration":2.117208000000005,"failureMessages":["AssertionError: expected 'header.system_help' to be 'SYSTEM HILFE' // Object.is equality\n    at /Users/frank/Antigravity/CyberTasker/src/test/i18n.test.js:16:46\n    at file:///Users/frank/Antigravity/CyberTasker/node_modules/@vitest/runner/dist/chunk-hooks.js:155:11\n    at file:///Users/frank/Antigravity/CyberTasker/node_modules/@vitest/runner/dist/chunk-hooks.js:752:26\n    at file:///Users/frank/Antigravity/CyberTasker/node_modules/@vitest/runner/dist/chunk-hooks.js:1897:20\n    at new Promise (<anonymous>)\n    at runWithTimeout (file:///Users/frank/Antigravity/CyberTasker/node_modules/@vitest/runner/dist/chunk-hooks.js:1863:10)\n    at runTest (file:///Users/frank/Antigravity/CyberTasker/node_modules/@vitest/runner/dist/chunk-hooks.js:1574:12)\n    at processTicksAndRejections (node:internal/process/task_queues:104:5)\n    at runSuite (file:///Users/frank/Antigravity/CyberTasker/node_modules/@vitest/runner/dist/chunk-hooks.js:1729:8)\n    at runSuite (file:///Users/frank/Antigravity/CyberTasker/node_modules/@vitest/runner/dist/chunk-hooks.js:1729:8)"],"meta":{}},{"ancestorTitles":["i18n Configuration"],"fullName":"i18n Configuration should translate a header key correctly in English","status":"failed","title":"should translate a header key correctly in English","duration":0.4874169999999367,"failureMessages":["AssertionError: expected 'header.system_help' to be 'SYSTEM HELP' // Object.is equality\n    at /Users/frank/Antigravity/CyberTasker/src/test/i18n.test.js:21:46\n    at file:///Users/frank/Antigravity/CyberTasker/node_modules/@vitest/runner/dist/chunk-hooks.js:155:11\n    at file:///Users/frank/Antigravity/CyberTasker/node_modules/@vitest/runner/dist/chunk-hooks.js:752:26\n    at file:///Users/frank/Antigravity/CyberTasker/node_modules/@vitest/runner/dist/chunk-hooks.js:1897:20\n    at new Promise (<anonymous>)\n    at runWithTimeout (file:///Users/frank/Antigravity/CyberTasker/node_modules/@vitest/runner/dist/chunk-hooks.js:1863:10)\n    at runTest (file:///Users/frank/Antigravity/CyberTasker/node_modules/@vitest/runner/dist/chunk-hooks.js:1574:12)\n    at processTicksAndRejections (node:internal/process/task_queues:104:5)\n    at runSuite (file:///Users/frank/Antigravity/CyberTasker/node_modules/@vitest/runner/dist/chunk-hooks.js:1729:8)\n    at runSuite (file:///Users/frank/Antigravity/CyberTasker/node_modules/@vitest/runner/dist/chunk-hooks.js:1729:8)"],"meta":{}}],"startTime":1771887423409,"endTime":1771887423421.4873,"status":"failed","message":"","name":"/Users/frank/Antigravity/CyberTasker/src/test/i18n.test.js"},{"assertionResults":[],"startTime":1771887422816,"endTime":1771887422816,"status":"failed","message":"Playwright Test did not expect test.describe() to be called here.\nMost common reasons include:\n- You are calling test.describe() in a configuration file.\n- You are calling test.describe() in a file that is imported by the configuration file.\n- You have two different versions of @playwright/test. This usually happens\n  when one of the dependencies in your package.json depends on @playwright/test.","name":"/Users/frank/Antigravity/CyberTasker/tests/e2e/01-auth.spec.js"},{"assertionResults":[],"startTime":1771887422816,"endTime":1771887422816,"status":"failed","message":"Playwright Test did not expect test.describe() to be called here.\nMost common reasons include:\n- You are calling test.describe() in a configuration file.\n- You are calling test.describe() in a file that is imported by the configuration file.\n- You have two different versions of @playwright/test. This usually happens\n  when one of the dependencies in your package.json depends on @playwright/test.","name":"/Users/frank/Antigravity/CyberTasker/tests/e2e/02-directive-management.spec.js"},{"assertionResults":[],"startTime":1771887422816,"endTime":1771887422816,"status":"failed","message":"Playwright Test did not expect test.describe() to be called here.\nMost common reasons include:\n- You are calling test.describe() in a configuration file.\n- You are calling test.describe() in a file that is imported by the configuration file.\n- You have two different versions of @playwright/test. This usually happens\n  when one of the dependencies in your package.json depends on @playwright/test.","name":"/Users/frank/Antigravity/CyberTasker/tests/e2e/03-theme-persistence.spec.js"},{"assertionResults":[],"startTime":1771887422816,"endTime":1771887422816,"status":"failed","message":"Playwright Test did not expect test.describe() to be called here.\nMost common reasons include:\n- You are calling test.describe() in a configuration file.\n- You are calling test.describe() in a file that is imported by the configuration file.\n- You have two different versions of @playwright/test. This usually happens\n  when one of the dependencies in your package.json depends on @playwright/test.","name":"/Users/frank/Antigravity/CyberTasker/tests/e2e/04-admin-roster-pagination.spec.js"},{"assertionResults":[],"startTime":1771887422816,"endTime":1771887422816,"status":"failed","message":"Playwright Test did not expect test.describe() to be called here.\nMost common reasons include:\n- You are calling test.describe() in a configuration file.\n- You are calling test.describe() in a file that is imported by the configuration file.\n- You have two different versions of @playwright/test. This usually happens\n  when one of the dependencies in your package.json depends on @playwright/test.","name":"/Users/frank/Antigravity/CyberTasker/tests/e2e/05-security-policies.spec.js"},{"assertionResults":[],"startTime":1771887422816,"endTime":1771887422816,"status":"failed","message":"Playwright Test did not expect test.describe() to be called here.\nMost common reasons include:\n- You are calling test.describe() in a configuration file.\n- You are calling test.describe() in a file that is imported by the configuration file.\n- You have two different versions of @playwright/test. This usually happens\n  when one of the dependencies in your package.json depends on @playwright/test.","name":"/Users/frank/Antigravity/CyberTasker/tests/e2e/06-extended-features.spec.js"},{"assertionResults":[],"startTime":1771887422816,"endTime":1771887422816,"status":"failed","message":"Playwright Test did not expect test.describe() to be called here.\nMost common reasons include:\n- You are calling test.describe() in a configuration file.\n- You are calling test.describe() in a file that is imported by the configuration file.\n- You have two different versions of @playwright/test. This usually happens\n  when one of the dependencies in your package.json depends on @playwright/test.","name":"/Users/frank/Antigravity/CyberTasker/tests/e2e/07-deep-directives.spec.js"},{"assertionResults":[],"startTime":1771887422816,"endTime":1771887422816,"status":"failed","message":"Playwright Test did not expect test.describe() to be called here.\nMost common reasons include:\n- You are calling test.describe() in a configuration file.\n- You are calling test.describe() in a file that is imported by the configuration file.\n- You have two different versions of @playwright/test. This usually happens\n  when one of the dependencies in your package.json depends on @playwright/test.","name":"/Users/frank/Antigravity/CyberTasker/tests/e2e/08-dashboard-qol.spec.js"},{"assertionResults":[],"startTime":1771887422816,"endTime":1771887422816,"status":"failed","message":"Playwright Test did not expect test.describe() to be called here.\nMost common reasons include:\n- You are calling test.describe() in a configuration file.\n- You are calling test.describe() in a file that is imported by the configuration file.\n- You have two different versions of @playwright/test. This usually happens\n  when one of the dependencies in your package.json depends on @playwright/test.","name":"/Users/frank/Antigravity/CyberTasker/tests/e2e/09-release-2-4-features.spec.js"},{"assertionResults":[],"startTime":1771887422816,"endTime":1771887422816,"status":"failed","message":"Playwright Test did not expect test.describe() to be called here.\nMost common reasons include:\n- You are calling test.describe() in a configuration file.\n- You are calling test.describe() in a file that is imported by the configuration file.\n- You have two different versions of @playwright/test. This usually happens\n  when one of the dependencies in your package.json depends on @playwright/test.","name":"/Users/frank/Antigravity/CyberTasker/tests/e2e/10-calendar-projections.spec.js"}]}
